0 info it worked if it ends with ok
1 verbose cli [ 'node', '/usr/bin/npm', 'publish' ]
2 info using npm@2.8.4
3 info using node@v0.10.33
4 verbose publish [ '.' ]
5 silly cache add args [ '.', null ]
6 verbose cache add spec .
7 silly cache add parsed spec { raw: '.',
7 silly cache add   scope: null,
7 silly cache add   name: null,
7 silly cache add   rawSpec: '.',
7 silly cache add   spec: '/usr/share/nginx/node/products/control-structures',
7 silly cache add   type: 'directory' }
8 verbose addLocalDirectory /home/sergemizo/.npm/control-structures/0.0.7/package.tgz not in flight; packing
9 verbose tar pack [ '/home/sergemizo/.npm/control-structures/0.0.7/package.tgz',
9 verbose tar pack   '/usr/share/nginx/node/products/control-structures' ]
10 verbose tarball /home/sergemizo/.npm/control-structures/0.0.7/package.tgz
11 verbose folder /usr/share/nginx/node/products/control-structures
12 info prepublish control-structures@0.0.7
13 verbose addLocalTarball adding from inside cache /home/sergemizo/.npm/control-structures/0.0.7/package.tgz
14 silly cache afterAdd control-structures@0.0.7
15 verbose afterAdd /home/sergemizo/.npm/control-structures/0.0.7/package/package.json not in flight; writing
16 verbose afterAdd /home/sergemizo/.npm/control-structures/0.0.7/package/package.json written
17 silly publish { name: 'control-structures',
17 silly publish   description: 'General control structures helper for asynchronous functions',
17 silly publish   repository:
17 silly publish    { type: 'git',
17 silly publish      url: 'git+https://github.com/mrpepper023/control-structure.git' },
17 silly publish   homepage: 'https://github.com/mrpepper023/control-structure',
17 silly publish   version: '0.0.7',
17 silly publish   private: false,
17 silly publish   dependencies: {},
17 silly publish   main: './index',
17 silly publish   author: { name: 'Michio Yokomizo', url: 'mrpepper023' },
17 silly publish   license: 'MIT',
17 silly publish   readme: '# control-structures\r\n\r\na tiny library aids for using asynchronous functions with various control structures.\r\n[GitHub Repository](https://github.com/mrpepper023/control-structures)\r\n\r\n# Installation\r\n\r\n```\r\n> npm install control-structures\r\n```\r\n\r\n# how to use\r\nyou can use this library with browser contexts or with Node.\r\n\r\n## With browser contexts\r\n\r\nonly you should do is to include a minified script.\r\n\r\n```html\r\n<script src="http://your.domain/path-to-script/control-structures.min.js"></script>\r\n```\r\n\r\nlike this.\r\n\r\n```html+coffeescript\r\n<!DOCTYPE html>\r\n<html lang="ja">\r\n<head>\r\n<meta charset="UTF-8">\r\n<title>Async test</title>\r\n</head>\r\n<body>\r\n<h1>test</h1>\r\n<div id="test"></div>\r\n\r\n<!--scripts-->\r\n<script src="http://mrpepper023.github.io/lib/control-structures.min.js"></script>\r\n<script type="text/coffeescript">\r\n###\r\n   BEGIN test code\r\n###\r\n(->\r\n\r\n  cs._ []\r\n  ,(next)->\r\n  \r\n    console.log \'test1\'\r\n    next()\r\n  \r\n  ,(next)->\r\n  \r\n    console.log \'test2\'\r\n    next()\r\n  \r\n)()\r\n###\r\n   END test code\r\n###\r\n</script>\r\n<script type="text/javascript" src="http://mrpepper023.github.io/lib/coffee-script.js"></script>\r\n</body>\r\n</html>\r\n```\r\n\r\n## With node\r\n\r\nyou can use this library with a \'require\' statement.\r\n\r\n```js\r\nvar cs = require(\'control-structures\');\r\n```\r\n\r\n# functions\r\n\r\nthis tiny library supports basic 6 types of control structure for asynchronous functions.\r\n\r\n## simple continuation\r\n\r\nsimple continuation (\'cs.\\_\') realize sequential execution of comma separated blocks, and pass arguments from a \'next\' function to the next function.\r\n\r\n```coffeescript\r\nPRINT = (str,next) -> console.log str; setTimeout(next, 200)\r\n\r\ncs._ [\'arg1\',\'arg2\']\r\n,(next,str1,str2) ->\r\n\r\n  PRINT \'[1st block]\',->\r\n    PRINT \'str1:\'+str1,->\r\n      PRINT \'str2:\'+str2,->\r\n        next \'err\'\r\n\r\n,(next,errstr) ->\r\n\r\n  PRINT \'[2nd block]\',->\r\n    PRINT \'errstr:\'+errstr,->\r\n      next()\r\n\r\n,(next) ->\r\n\r\n  PRINT \'[last block]\',->\r\n    next()\r\n```\r\n\r\n## join after if, if-else or switch\r\n\r\nsimple continuation (\'cs.\\_\') also realize joining after if, if-else or switch.\r\n\r\n```coffeescript\r\nPRINT = (str,next) -> console.log str; setTimeout(next, 200)\r\n\r\ncs._ [\'arg1\',\'arg2\']\r\n,(next,str1,str2) ->\r\n\r\n  PRINT \'[1st block]\',->\r\n    if str1 == str2\r\n      PRINT \'str1 and str2:\'+str1,->\r\n        next()\r\n    else\r\n      PRINT \'str1:\'+str1,->\r\n        PRINT \'str2:\'+str2,->\r\n          next()\r\n\r\n,(next) ->\r\n\r\n  PRINT \'[2nd block]\',->\r\n    next()\r\n```\r\n\r\n## simultaneous each (alike \'each\')\r\n\r\nyou can apply same function to each member of \'Array\' or \'Object\'.\r\n\r\n```coffeescript\r\nPRINT = (str,next) -> console.log str; setTimeout(next, 200)\r\n\r\ncs._each [2,3,5,7,11]\r\n,[\'arg1\']\r\n,(val,i,next,str1) ->\r\n\r\n  PRINT \'apply\',->\r\n    next(val,i)\r\n\r\n,(array_of_args_from_next1,array_of_args_from_next2) ->\r\n  \r\n  for num in array_of_args_from_next1\r\n    console.log \'value: \'+num.toString()\r\n  for num in array_of_args_from_next2\r\n    console.log \'counter: \'+num.toString()\r\n  next()\r\n```\r\n\r\n## loop with counter (alike \'for\')\r\n\r\nloop with counter (\'cs.\\_for\') realize loop \r\n\r\n```coffeescript\r\nPRINT = (str,next) -> console.log str; setTimeout(next, 200)\r\n\r\ncs._for 0,((n)-> n<10),((n)-> n+1)\r\n,[]\r\n,(n,_break,_next) ->\r\n\r\n  PRINT \'counter: \'+n.toString(),->\r\n    _next()\r\n\r\n,(n) ->\r\n  \r\n  PRINT \'last counter: \'+n.toString(),->\r\n    return\r\n```\r\n\r\n## loop around an array or an object (alike \'for {in,of}\')\r\n\r\n```coffeescript\r\nPRINT = (str,next) -> console.log str; setTimeout(next, 200)\r\n\r\ncs._for_in {bro:\'ani\',sis:\'imo\',dad:\'tousan\',mom:\'kaasan\'}\r\n,[] #first args\r\n,(key,val,_break,_next) ->\r\n\r\n  PRINT key+\': \'+val,->\r\n    _next()\r\n\r\n,->\r\n  \r\n  PRINT \'end\',->\r\n    return\r\n```\r\n\r\n## simple loop (alike \'while\')\r\n\r\n```coffeescript\r\nPRINT = (str,next) -> console.log str; setTimeout(next, 200)\r\n\r\ncs._while [25*25, 25*88]\r\n,(_break,_next,arg1,arg2) ->\r\n\r\n  PRINT arg1.toString(),->\r\n    PRINT arg2.toString(),->\r\n      if (arg2 % arg1) == 0\r\n        _break(arg1)\r\n      else\r\n        _next(arg2 % arg1,arg1)\r\n\r\n,(arg) ->\r\n  \r\n  PRINT \'result: \'+arg.toString(),->\r\n    return\r\n```\r\n\r\n## exception handling (alike \'try, throw, catch, finally\')\r\n\r\n```coffeescript\r\nPRINT = (str,next) -> console.log str; setTimeout(next, 200)\r\n\r\nmyexc = new cs.exc\r\nmyexc._try([]\r\n,->\r\n  #block\r\n  PRINT \'NEST1-1\',-> \r\n    PRINT \'NEST1-2\',->\r\n      myexc._try([]\r\n      ,->\r\n        #block\r\n        PRINT \'NEST2-1\',->\r\n          PRINT \'NEST2-2\',->\r\n            if true\r\n              myexc._throw \'err1\'\r\n            else\r\n              PRINT \'NEST2-3\',->\r\n                myexc._finally()\r\n      ,[\'err2\',\'err3\']\r\n      ,(_e)->\r\n        #catch\r\n        console.log _e\r\n        PRINT \'NEST2-CATCH\',->\r\n          myexc._finally()\r\n      ,(fnext)->\r\n        #finally\r\n        PRINT \'NEST2-FINALLY\',->\r\n          fnext()\r\n      ,->\r\n        PRINT \'NEST1-3\',->\r\n          myexc._finally()\r\n      )\r\n,[\'err1\']\r\n,(_e)->\r\n  #catch\r\n  console.log _e\r\n  PRINT \'NEST1-CATCH\',->\r\n    myexc._finally()\r\n,(fnext)->\r\n  #finally\r\n  PRINT \'NEST1-FINALLY\',\r\n    fnext()\r\n,next)\r\n```\r\n\r\n## y combinator\r\n\r\nyou can make an recursive function from anonymous one.\r\n\r\n```coffeescript\r\ndummy = null\r\nindex = 10\r\n(cs.y (func) ->\r\n  return (dummy)->\r\n    index -= 1\r\n    A ->\r\n      PRINT index.toString(),->\r\n        if index == 0\r\n          return next()\r\n        else\r\n          func(dummy)\r\n)(dummy)\r\n```\r\n',
17 silly publish   readmeFilename: 'README.md',
17 silly publish   gitHead: '8ef0a576e5af4c81422309a2ff5e0a724ff6590d',
17 silly publish   bugs: { url: 'https://github.com/mrpepper023/control-structure/issues' },
17 silly publish   _id: 'control-structures@0.0.7',
17 silly publish   scripts: {},
17 silly publish   _shasum: '017ef0b7abb8c8fa7f77309189d444addfae25fa',
17 silly publish   _from: '.' }
18 silly mapToRegistry name control-structures
19 silly mapToRegistry using default registry
20 silly mapToRegistry registry https://registry.npmjs.org/
21 silly mapToRegistry uri https://registry.npmjs.org/control-structures
22 verbose publish registryBase https://registry.npmjs.org/
23 silly publish uploading /home/sergemizo/.npm/control-structures/0.0.7/package.tgz
24 verbose request uri https://registry.npmjs.org/control-structures
25 verbose request sending authorization for write operation
26 info attempt registry request try #1 at 13:25:01
27 verbose request using bearer token for auth
28 verbose request id d1aaf7ab7cd9f4c1
29 http request PUT https://registry.npmjs.org/control-structures
30 http 403 https://registry.npmjs.org/control-structures
31 verbose headers { 'content-type': 'application/json',
31 verbose headers   'cache-control': 'max-age=60',
31 verbose headers   'content-length': '95',
31 verbose headers   'accept-ranges': 'bytes',
31 verbose headers   date: 'Tue, 09 Jun 2015 04:25:02 GMT',
31 verbose headers   via: '1.1 varnish',
31 verbose headers   connection: 'keep-alive',
31 verbose headers   'x-served-by': 'cache-nrt6132-NRT',
31 verbose headers   'x-cache': 'MISS',
31 verbose headers   'x-cache-hits': '0',
31 verbose headers   'x-timer': 'S1433823901.810332,VS0,VE427' }
32 verbose request invalidating /home/sergemizo/.npm/registry.npmjs.org/control-structures on PUT
33 error publish Failed PUT 403
34 verbose stack Error: "You cannot publish over the previously published version 0.0.7." : control-structures
34 verbose stack     at CachingRegistryClient.<anonymous> (/usr/lib/node_modules/npm/node_modules/npm-registry-client/lib/request.js:247:14)
34 verbose stack     at Request._callback (/usr/lib/node_modules/npm/node_modules/npm-registry-client/lib/request.js:170:14)
34 verbose stack     at Request.self.callback (/usr/lib/node_modules/npm/node_modules/request/request.js:368:22)
34 verbose stack     at Request.emit (events.js:98:17)
34 verbose stack     at Request.<anonymous> (/usr/lib/node_modules/npm/node_modules/request/request.js:1219:14)
34 verbose stack     at Request.emit (events.js:117:20)
34 verbose stack     at IncomingMessage.<anonymous> (/usr/lib/node_modules/npm/node_modules/request/request.js:1167:12)
34 verbose stack     at IncomingMessage.emit (events.js:117:20)
34 verbose stack     at _stream_readable.js:943:16
34 verbose stack     at process._tickCallback (node.js:419:13)
35 verbose statusCode 403
36 verbose pkgid control-structures
37 verbose cwd /usr/share/nginx/node/products/control-structures
38 error Linux 2.6.32-504.16.2.el6.x86_64
39 error argv "node" "/usr/bin/npm" "publish"
40 error node v0.10.33
41 error npm  v2.8.4
42 error code E403
43 error "You cannot publish over the previously published version 0.0.7." : control-structures
44 error If you need help, you may report this error at:
44 error     <https://github.com/npm/npm/issues>
45 verbose exit [ 1, true ]
